<?xml version="1.0" encoding="UTF-8"?>
<!-- Generated by org.testng.reporters.JUnitReportReporter -->
<testsuite skipped="0" hostname="buyerfront-moba" name="listeners.TestNGListenerDemo2" tests="3" failures="0" timestamp="07 Sep 2020 15:13:18 GMT" time="0.003" errors="0">
  <testcase name="test5" time="0.001" classname="listeners.TestNGListenerDemo2"/>
  <testcase name="test6" time="0.001" classname="listeners.TestNGListenerDemo2"/>
  <testcase name="test4" time="0.001" classname="listeners.TestNGListenerDemo2"/>
</testsuite> <!-- listeners.TestNGListenerDemo2 -->
