<?xml version="1.0" encoding="UTF-8"?>
<!-- Generated by org.testng.reporters.JUnitReportReporter -->
<testsuite skipped="0" hostname="LAPTOP-JQ4J9UL8" name="priority.TestPriorityDemoInterview" tests="5" failures="0" timestamp="09 Jul 2021 10:52:37 GMT" time="0.012" errors="0">
  <testcase name="Test4" time="0.009" classname="priority.TestPriorityDemoInterview"/>
  <testcase name="Test3" time="0.000" classname="priority.TestPriorityDemoInterview"/>
  <testcase name="Test5" time="0.001" classname="priority.TestPriorityDemoInterview"/>
  <testcase name="Test2" time="0.001" classname="priority.TestPriorityDemoInterview"/>
  <testcase name="Test1" time="0.001" classname="priority.TestPriorityDemoInterview"/>
</testsuite> <!-- priority.TestPriorityDemoInterview -->
