<?xml version="1.0" encoding="UTF-8"?>
<!-- Generated by org.testng.reporters.JUnitReportReporter -->
<testsuite skipped="0" hostname="EQ-EQ6280864" name="priority.TestPriorityDemo" tests="3" failures="0" timestamp="09 Mar 2019 03:20:46 GMT" time="0.016" errors="0">
  <testcase name="test1" time="0.011" classname="priority.TestPriorityDemo"/>
  <testcase name="test2" time="0.003" classname="priority.TestPriorityDemo"/>
  <testcase name="test3" time="0.002" classname="priority.TestPriorityDemo"/>
</testsuite> <!-- priority.TestPriorityDemo -->
