<?xml version="1.0" encoding="UTF-8"?>
<!-- Generated by org.testng.reporters.JUnitReportReporter -->
<testsuite skipped="0" hostname="buyerfront-moba" name="listeners.TestNGListenerDemo" tests="3" failures="0" timestamp="07 Sep 2020 15:13:18 GMT" time="0.043" errors="0">
  <testcase name="test2" time="0.032" classname="listeners.TestNGListenerDemo"/>
  <testcase name="test1" time="0.009" classname="listeners.TestNGListenerDemo"/>
  <testcase name="test3" time="0.002" classname="listeners.TestNGListenerDemo"/>
</testsuite> <!-- listeners.TestNGListenerDemo -->
