<?xml version="1.0" encoding="UTF-8"?>
<!-- Generated by org.testng.reporters.JUnitReportReporter -->
<testsuite skipped="0" hostname="LU-CXY6152" name="listeners.TestNGListenerDemo2" tests="3" failures="0" timestamp="05 May 2019 06:56:27 GMT" time="0.016" errors="0">
  <testcase name="test4" time="0.011" classname="listeners.TestNGListenerDemo2"/>
  <testcase name="test6" time="0.002" classname="listeners.TestNGListenerDemo2"/>
  <testcase name="test5" time="0.003" classname="listeners.TestNGListenerDemo2"/>
</testsuite> <!-- listeners.TestNGListenerDemo2 -->
