<?xml version="1.0" encoding="UTF-8"?>
<!-- Generated by org.testng.reporters.JUnitReportReporter -->
<testsuite skipped="0" hostname="L-CDZ6152" name="multiple_browser.TestNGMultipleBrowserDemo" tests="2" failures="0" timestamp="06 Jan 2021 07:07:18 GMT" time="12.826" errors="0">
  <testcase name="test" time="6.867" classname="multiple_browser.TestNGMultipleBrowserDemo"/>
  <testcase name="test" time="5.959" classname="multiple_browser.TestNGMultipleBrowserDemo"/>
</testsuite> <!-- multiple_browser.TestNGMultipleBrowserDemo -->
