<?xml version="1.0" encoding="UTF-8"?>
<!-- Generated by org.testng.reporters.JUnitReportReporter -->
<testsuite skipped="1" hostname="EQ-EQ6280864" name="ignore.TestNGIgnoreDemo" tests="2" failures="0" timestamp="22 Feb 2019 17:57:26 GMT" time="0.010" errors="0">
  <testcase name="test2" time="0.010" classname="ignore.TestNGIgnoreDemo"/>
  <testcase name="test1" classname="ignore.TestNGIgnoreDemo">
    <skipped/>
  </testcase> <!-- test1 -->
</testsuite> <!-- ignore.TestNGIgnoreDemo -->
