<?xml version="1.0" encoding="UTF-8"?>
<!-- Generated by org.testng.reporters.JUnitReportReporter -->
<testsuite skipped="0" hostname="EQ-EQ6280864" name="actual_test.TestNGDemo2" tests="1" failures="0" timestamp="18 Feb 2019 04:12:03 GMT" time="10.014" errors="0">
  <testcase name="googleSearchTest3" time="10.014" classname="actual_test.TestNGDemo2"/>
</testsuite> <!-- actual_test.TestNGDemo2 -->
