<?xml version="1.0" encoding="UTF-8"?>
<!-- Generated by org.testng.reporters.JUnitReportReporter -->
<testsuite skipped="0" hostname="L-CDZ6152" name="beforeafterconcept.TestClass2" tests="1" failures="0" timestamp="09 Dec 2020 15:20:06 GMT" time="0.002" errors="0">
  <testcase name="testMethod2" time="0.002" classname="beforeafterconcept.TestClass2"/>
</testsuite> <!-- beforeafterconcept.TestClass2 -->
