<?xml version="1.0" encoding="UTF-8"?>
<!-- Generated by org.testng.reporters.JUnitReportReporter -->
<testsuite skipped="0" hostname="L-CDZ6152" name="priority.TestPriorityDemo" tests="3" failures="0" timestamp="20 Mar 2020 09:34:52 GMT" time="0.013" errors="0">
  <testcase name="test1" time="0.010" classname="priority.TestPriorityDemo"/>
  <testcase name="test2" time="0.002" classname="priority.TestPriorityDemo"/>
  <testcase name="test3" time="0.001" classname="priority.TestPriorityDemo"/>
</testsuite> <!-- priority.TestPriorityDemo -->
