<?xml version="1.0" encoding="UTF-8"?>
<!-- Generated by org.testng.reporters.JUnitReportReporter -->
<testsuite skipped="0" hostname="EQ-EQ6280864" name="multiple_browser.TestNGMultipleBrowserDemo" tests="2" failures="0" timestamp="19 Feb 2019 14:47:36 GMT" time="10.773" errors="0">
  <testcase name="test" time="5.457" classname="multiple_browser.TestNGMultipleBrowserDemo"/>
  <testcase name="test" time="5.316" classname="multiple_browser.TestNGMultipleBrowserDemo"/>
</testsuite> <!-- multiple_browser.TestNGMultipleBrowserDemo -->
