<?xml version="1.0" encoding="UTF-8"?>
<!-- Generated by org.testng.reporters.JUnitReportReporter -->
<testsuite skipped="0" hostname="L-CDZ6152" name="actual_test.TestNGDemo" tests="1" failures="0" timestamp="09 Dec 2020 15:16:30 GMT" time="11.248" errors="0">
  <testcase name="googleSearchTest" time="11.248" classname="actual_test.TestNGDemo"/>
</testsuite> <!-- actual_test.TestNGDemo -->
