<?xml version="1.0" encoding="UTF-8"?>
<!-- Generated by org.testng.reporters.JUnitReportReporter -->
<testsuite skipped="0" hostname="L-CDZ6152" name="priority.TestPriorityDemoInterview" tests="5" failures="0" timestamp="06 Jan 2021 06:45:18 GMT" time="0.030" errors="0">
  <testcase name="Test3" time="0.017" classname="priority.TestPriorityDemoInterview"/>
  <testcase name="Test2" time="0.003" classname="priority.TestPriorityDemoInterview"/>
  <testcase name="Test4" time="0.001" classname="priority.TestPriorityDemoInterview"/>
  <testcase name="Test5" time="0.005" classname="priority.TestPriorityDemoInterview"/>
  <testcase name="Test1" time="0.004" classname="priority.TestPriorityDemoInterview"/>
</testsuite> <!-- priority.TestPriorityDemoInterview -->
