<?xml version="1.0" encoding="UTF-8"?>
<!-- Generated by org.testng.reporters.JUnitReportReporter -->
<testsuite skipped="0" hostname="buyerfront-moba" name="actual_test.TestNGDemo2" tests="2" failures="0" timestamp="21 Jun 2020 16:27:48 GMT" time="19.694" errors="0">
  <testcase name="googleSearchTest3" time="8.180" classname="actual_test.TestNGDemo2"/>
  <testcase name="googleSearchTest2" time="11.514" classname="actual_test.TestNGDemo2"/>
</testsuite> <!-- actual_test.TestNGDemo2 -->
