<?xml version="1.0" encoding="UTF-8"?>
<!-- Generated by org.testng.reporters.JUnitReportReporter -->
<testsuite skipped="0" hostname="EQ-EQ6280864" name="utils.ExcelDataProvider" tests="3" failures="0" timestamp="18 Feb 2019 17:33:13 GMT" time="18.080" errors="0">
  <testcase name="test1" time="3.838" classname="utils.ExcelDataProvider"/>
  <testcase name="test1" time="9.811" classname="utils.ExcelDataProvider"/>
  <testcase name="test1" time="4.431" classname="utils.ExcelDataProvider"/>
</testsuite> <!-- utils.ExcelDataProvider -->
