<?xml version="1.0" encoding="UTF-8"?>
<!-- Generated by org.testng.reporters.JUnitReportReporter -->
<testsuite skipped="0" hostname="L-CDZ6152" name="beforeafterconcept.TestClass1" tests="1" failures="0" timestamp="09 Dec 2020 15:20:06 GMT" time="0.009" errors="0">
  <testcase name="testMethod1" time="0.009" classname="beforeafterconcept.TestClass1"/>
</testsuite> <!-- beforeafterconcept.TestClass1 -->
